<?xml version="1.0" encoding="utf-8"?><testsuites name="pytest tests"><testsuite name="pytest" errors="0" failures="0" skipped="0" tests="38" time="3.027" timestamp="2026-07-02T23:03:24.365812+00:00" hostname="agent-env-9061ec78-81e9-4fa9-aeb2-0f98b11b7d9f"><testcase classname="tests.test_backend_api.TestProducts" name="test_weight_conversion" time="0.604" /><testcase classname="tests.test_backend_api.TestProducts" name="test_live_price_computed" time="0.000" /><testcase classname="tests.test_backend_api.TestProducts" name="test_product_code_format" time="0.000" /><testcase classname="tests.test_backend_api.TestProducts" name="test_get_product_admin" time="0.047" /><testcase classname="tests.test_backend_api.TestProducts" name="test_update_product" time="0.050" /><testcase classname="tests.test_backend_api.TestProducts" name="test_public_catalogue_lists_product" time="0.049" /><testcase classname="tests.test_backend_api.TestProducts" name="test_filter_metal" time="0.084" /><testcase classname="tests.test_backend_api.TestProducts" name="test_soft_delete_hides_from_public" time="0.223" /><testcase classname="tests.test_backend_api.TestOrdersFlow" name="test_order_snapshot_and_totals" time="0.857" /><testcase classname="tests.test_backend_api.TestOrdersFlow" name="test_product_became_reserved" time="0.043" /><testcase classname="tests.test_backend_api.TestOrdersFlow" name="test_snapshot_frozen_when_rate_changes" time="0.133" /><testcase classname="tests.test_backend_api.TestOrdersFlow" name="test_add_multiple_payments" time="0.336" /><testcase classname="tests.test_backend_api.TestAuth" name="test_login_success" time="0.266" /><testcase classname="tests.test_backend_api.TestAuth" name="test_login_invalid" time="0.310" /><testcase classname="tests.test_backend_api.TestOrdersFlow" name="test_customer_outstanding_reflects" time="0.226" /><testcase classname="tests.test_backend_api.TestOrdersFlow" name="test_public_order_status" time="0.101" /><testcase classname="tests.test_backend_api.TestAuth" name="test_me_with_bearer" time="0.049" /><testcase classname="tests.test_backend_api.TestAuth" name="test_admin_requires_auth" time="0.250" /><testcase classname="tests.test_backend_api.TestOrdersFlow" name="test_delivered_marks_product_sold" time="0.090" /><testcase classname="tests.test_backend_api.TestOrdersFlow" name="test_sold_product_hidden_from_public" time="0.048" /><testcase classname="tests.test_backend_api.TestOrdersFlow" name="test_order_no_longer_in_public_status" time="0.045" /><testcase classname="tests.test_backend_api.TestRates" name="test_set_rate" time="0.046" /><testcase classname="tests.test_backend_api.TestRates" name="test_get_rate_today" time="0.100" /><testcase classname="tests.test_backend_api.TestLeads" name="test_public_custom_order_lead" time="0.046" /><testcase classname="tests.test_backend_api.TestLeads" name="test_public_repair_lead" time="0.092" /><testcase classname="tests.test_backend_api.TestRates" name="test_rates_history" time="0.045" /><testcase classname="tests.test_backend_api.TestLeads" name="test_admin_lists_leads" time="0.047" /><testcase classname="tests.test_backend_api.TestCustomers" name="test_customer_created" time="0.043" /><testcase classname="tests.test_backend_api.TestCustomers" name="test_search_by_phone" time="0.046" /><testcase classname="tests.test_backend_api.TestLeads" name="test_admin_updates_lead_status" time="0.134" /><testcase classname="tests.test_backend_api.TestCustomers" name="test_customer_profile" time="0.085" /><testcase classname="tests.test_backend_api.TestDashboardReportsSearch" name="test_dashboard" time="0.046" /><testcase classname="tests.test_backend_api.TestDashboardReportsSearch" name="test_reports" time="0.058" /><testcase classname="tests.test_backend_api.TestInvoice" name="test_create_invoice" time="0.145" /><testcase classname="tests.test_backend_api.TestDashboardReportsSearch" name="test_search" time="0.064" /><testcase classname="tests.test_backend_api.TestInvoice" name="test_duplicate_bill_number_rejected" time="0.086" /><testcase classname="tests.test_backend_api.TestCertificate" name="test_create_and_verify" time="0.090" /><testcase classname="tests.test_backend_api.TestInvoice" name="test_public_verify_invoice" time="0.050" /></testsuite></testsuites>